#
# There is insufficient memory for the Java Runtime Environment to continue.
# Native memory allocation (malloc) failed to allocate 1114976 bytes for Chunk::new
# Possible reasons:
#   The system is out of physical RAM or swap space
#   The process is running with CompressedOops enabled, and the Java Heap may be blocking the growth of the native heap
# Possible solutions:
#   Reduce memory load on the system
#   Increase physical memory or swap space
#   Check if swap backing store is full
#   Decrease Java heap size (-Xmx/-Xms)
#   Decrease number of Java threads
#   Decrease Java thread stack sizes (-Xss)
#   Set larger code cache with -XX:ReservedCodeCacheSize=
#   JVM is running with Zero Based Compressed Oops mode in which the Java heap is
#     placed in the first 32GB address space. The Java Heap base address is the
#     maximum limit for the native heap growth. Please use -XX:HeapBaseMinAddress
#     to set the Java Heap base and to place the Java Heap above 32GB virtual address.
# This output file may be truncated or incomplete.
#
#  Out of Memory Error (arena.cpp:189), pid=1336, tid=1868
#
# JRE version: Java(TM) SE Runtime Environment (17.0.8+9) (build 17.0.8+9-LTS-211)
# Java VM: Java HotSpot(TM) 64-Bit Server VM (17.0.8+9-LTS-211, mixed mode, sharing, tiered, compressed oops, compressed class ptrs, g1 gc, windows-amd64)
# No core dump will be written. Minidumps are not enabled by default on client versions of Windows
#

---------------  S U M M A R Y ------------

Command Line: -Dfile.encoding=UTF-8 -XX:+ShowCodeDetailsInExceptionMessages AUSHOP.AushopApplication

Host: 11th Gen Intel(R) Core(TM) i5-11320H @ 3.20GHz, 8 cores, 11G,  Windows 11 , 64 bit Build 22621 (10.0.22621.3527)
Time: Sun May  5 14:03:56 2024 SE Asia Standard Time elapsed time: 248.165932 seconds (0d 0h 4m 8s)

---------------  T H R E A D  ---------------

Current thread (0x00000161ad889f00):  JavaThread "C2 CompilerThread0" daemon [_thread_in_native, id=1868, stack(0x000000024e100000,0x000000024e200000)]


Current CompileTask:
C2: 248166 22015   !   4       org.apache.coyote.http11.Http11Processor::service (1189 bytes)

Stack: [0x000000024e100000,0x000000024e200000]
Native frames: (J=compiled Java code, j=interpreted, Vv=VM code, C=native code)
V  [jvm.dll+0x677d0a]
V  [jvm.dll+0x7d8c54]
V  [jvm.dll+0x7da3fe]
V  [jvm.dll+0x7daa63]
V  [jvm.dll+0x245c5f]
V  [jvm.dll+0xaaa6b]
V  [jvm.dll+0xab00c]
V  [jvm.dll+0x361e8e]
V  [jvm.dll+0x32c551]
V  [jvm.dll+0x32b9ea]
V  [jvm.dll+0x217fff]
V  [jvm.dll+0x217431]
V  [jvm.dll+0x1a3af0]
V  [jvm.dll+0x2270be]
V  [jvm.dll+0x22535b]
V  [jvm.dll+0x78e7bc]
V  [jvm.dll+0x788bba]
V  [jvm.dll+0x676b35]
C  [ucrtbase.dll+0x29333]
C  [KERNEL32.DLL+0x1257d]
C  [ntdll.dll+0x5aa48]


---------------  P R O C E S S  ---------------

Threads class SMR info:
_java_thread_list=0x00000161f9507290, length=46, elements={
0x00000161ad868b00, 0x00000161ad86ac60, 0x00000161ad87dc20, 0x00000161ad87e4e0,
0x00000161ad87f540, 0x00000161ad8815b0, 0x00000161ad889f00, 0x00000161ad893080,
0x00000161ad89b970, 0x00000161adabb140, 0x00000161adacd670, 0x00000161f3be06b0,
0x00000161f3be2390, 0x00000161f3be0b80, 0x00000161f3be2860, 0x00000161f3bdf840,
0x00000161f7dc0ff0, 0x00000161f7dc14c0, 0x00000161f7dc1990, 0x00000161f7dba140,
0x00000161f7dbdfd0, 0x00000161f7dbb480, 0x00000161f7dba610, 0x00000161f7dbafb0,
0x00000161f7dc0650, 0x00000161f7dbcc90, 0x00000161f7dbb950, 0x00000161f7dbe970,
0x00000161f7dbd160, 0x00000161f7dbd630, 0x00000161f7dbe4a0, 0x00000161f7dbee40,
0x00000161f932b8a0, 0x00000161f932d0b0, 0x00000161f932c710, 0x00000161f932cbe0,
0x00000161f9328d50, 0x00000161f932a090, 0x00000161f932da50, 0x00000161f932df20,
0x00000161f9328880, 0x00000161f789e2d0, 0x00000161f789f140, 0x00000161f789bc50,
0x00000161f789b780, 0x00000161f789cac0
}

Java Threads: ( => current thread )
  0x00000161ad868b00 JavaThread "Reference Handler" daemon [_thread_blocked, id=27280, stack(0x000000024db00000,0x000000024dc00000)]
  0x00000161ad86ac60 JavaThread "Finalizer" daemon [_thread_blocked, id=2212, stack(0x000000024dc00000,0x000000024dd00000)]
  0x00000161ad87dc20 JavaThread "Signal Dispatcher" daemon [_thread_blocked, id=3932, stack(0x000000024dd00000,0x000000024de00000)]
  0x00000161ad87e4e0 JavaThread "Attach Listener" daemon [_thread_blocked, id=5344, stack(0x000000024de00000,0x000000024df00000)]
  0x00000161ad87f540 JavaThread "Service Thread" daemon [_thread_blocked, id=2528, stack(0x000000024df00000,0x000000024e000000)]
  0x00000161ad8815b0 JavaThread "Monitor Deflation Thread" daemon [_thread_blocked, id=33868, stack(0x000000024e000000,0x000000024e100000)]
=>0x00000161ad889f00 JavaThread "C2 CompilerThread0" daemon [_thread_in_native, id=1868, stack(0x000000024e100000,0x000000024e200000)]
  0x00000161ad893080 JavaThread "C1 CompilerThread0" daemon [_thread_blocked, id=33604, stack(0x000000024e200000,0x000000024e300000)]
  0x00000161ad89b970 JavaThread "Sweeper thread" daemon [_thread_blocked, id=27684, stack(0x000000024e300000,0x000000024e400000)]
  0x00000161adabb140 JavaThread "Notification Thread" daemon [_thread_blocked, id=18532, stack(0x000000024e400000,0x000000024e500000)]
  0x00000161adacd670 JavaThread "Common-Cleaner" daemon [_thread_blocked, id=33584, stack(0x000000024e600000,0x000000024e700000)]
  0x00000161f3be06b0 JavaThread "Catalina-utility-1" [_thread_blocked, id=34612, stack(0x000000024f000000,0x000000024f100000)]
  0x00000161f3be2390 JavaThread "Catalina-utility-2" [_thread_blocked, id=9272, stack(0x000000024f400000,0x000000024f500000)]
  0x00000161f3be0b80 JavaThread "container-0" [_thread_blocked, id=19928, stack(0x000000024f500000,0x000000024f600000)]
  0x00000161f3be2860 JavaThread "mssql-jdbc-shared-timer-core-0" daemon [_thread_blocked, id=20836, stack(0x000000024f700000,0x000000024f800000)]
  0x00000161f3bdf840 JavaThread "HikariPool-1 housekeeper" daemon [_thread_blocked, id=15592, stack(0x000000024f800000,0x000000024f900000)]
  0x00000161f7dc0ff0 JavaThread "File Watcher" daemon [_thread_blocked, id=14204, stack(0x000000024fa00000,0x000000024fb00000)]
  0x00000161f7dc14c0 JavaThread "Live Reload Server" daemon [_thread_in_native, id=10936, stack(0x000000024fc00000,0x000000024fd00000)]
  0x00000161f7dc1990 JavaThread "http-nio-9090-BlockPoller" daemon [_thread_in_native, id=18668, stack(0x000000024fb00000,0x000000024fc00000)]
  0x00000161f7dba140 JavaThread "http-nio-9090-exec-1" daemon [_thread_blocked, id=19156, stack(0x000000024fd00000,0x000000024fe00000)]
  0x00000161f7dbdfd0 JavaThread "http-nio-9090-exec-2" daemon [_thread_blocked, id=12736, stack(0x000000024fe00000,0x000000024ff00000)]
  0x00000161f7dbb480 JavaThread "http-nio-9090-exec-3" daemon [_thread_blocked, id=11768, stack(0x000000024ff00000,0x0000000250000000)]
  0x00000161f7dba610 JavaThread "http-nio-9090-exec-4" daemon [_thread_blocked, id=33700, stack(0x0000000250000000,0x0000000250100000)]
  0x00000161f7dbafb0 JavaThread "http-nio-9090-exec-5" daemon [_thread_blocked, id=12964, stack(0x0000000250100000,0x0000000250200000)]
  0x00000161f7dc0650 JavaThread "http-nio-9090-exec-6" daemon [_thread_blocked, id=1288, stack(0x0000000250200000,0x0000000250300000)]
  0x00000161f7dbcc90 JavaThread "http-nio-9090-exec-7" daemon [_thread_blocked, id=10924, stack(0x0000000250300000,0x0000000250400000)]
  0x00000161f7dbb950 JavaThread "http-nio-9090-exec-8" daemon [_thread_blocked, id=2476, stack(0x0000000250400000,0x0000000250500000)]
  0x00000161f7dbe970 JavaThread "http-nio-9090-exec-9" daemon [_thread_blocked, id=11392, stack(0x0000000250500000,0x0000000250600000)]
  0x00000161f7dbd160 JavaThread "http-nio-9090-exec-10" daemon [_thread_blocked, id=23192, stack(0x0000000250600000,0x0000000250700000)]
  0x00000161f7dbd630 JavaThread "http-nio-9090-ClientPoller" daemon [_thread_in_native, id=13124, stack(0x0000000250700000,0x0000000250800000)]
  0x00000161f7dbe4a0 JavaThread "http-nio-9090-Acceptor" daemon [_thread_in_native, id=22560, stack(0x0000000250800000,0x0000000250900000)]
  0x00000161f7dbee40 JavaThread "scheduling-1" [_thread_blocked, id=21276, stack(0x0000000250900000,0x0000000250a00000)]
  0x00000161f932b8a0 JavaThread "DestroyJavaVM" [_thread_blocked, id=12468, stack(0x000000024d400000,0x000000024d500000)]
  0x00000161f932d0b0 JavaThread "http-nio-9090-exec-11" daemon [_thread_blocked, id=9544, stack(0x000000024e900000,0x000000024ea00000)]
  0x00000161f932c710 JavaThread "http-nio-9090-exec-12" daemon [_thread_blocked, id=34728, stack(0x000000024ea00000,0x000000024eb00000)]
  0x00000161f932cbe0 JavaThread "http-nio-9090-exec-13" daemon [_thread_blocked, id=19808, stack(0x000000024f900000,0x000000024fa00000)]
  0x00000161f9328d50 JavaThread "http-nio-9090-exec-14" daemon [_thread_blocked, id=20768, stack(0x0000000250a00000,0x0000000250b00000)]
  0x00000161f932a090 JavaThread "http-nio-9090-exec-15" daemon [_thread_blocked, id=24168, stack(0x0000000250c00000,0x0000000250d00000)]
  0x00000161f932da50 JavaThread "http-nio-9090-exec-16" daemon [_thread_blocked, id=26336, stack(0x0000000250d00000,0x0000000250e00000)]
  0x00000161f932df20 JavaThread "http-nio-9090-exec-17" daemon [_thread_blocked, id=32400, stack(0x0000000250e00000,0x0000000250f00000)]
  0x00000161f9328880 JavaThread "http-nio-9090-exec-18" daemon [_thread_blocked, id=18024, stack(0x0000000250f00000,0x0000000251000000)]
  0x00000161f789e2d0 JavaThread "http-nio-9090-exec-19" daemon [_thread_blocked, id=7456, stack(0x0000000251000000,0x0000000251100000)]
  0x00000161f789f140 JavaThread "http-nio-9090-exec-20" daemon [_thread_blocked, id=11620, stack(0x000000024d100000,0x000000024d200000)]
  0x00000161f789bc50 JavaThread "http-nio-9090-exec-21" daemon [_thread_blocked, id=15176, stack(0x000000024d200000,0x000000024d300000)]
  0x00000161f789b780 JavaThread "http-nio-9090-exec-22" daemon [_thread_blocked, id=24152, stack(0x000000024d300000,0x000000024d400000)]
  0x00000161f789cac0 JavaThread "http-nio-9090-exec-23" daemon [_thread_blocked, id=10740, stack(0x000000024e700000,0x000000024e800000)]

Other Threads:
  0x00000161ad8629c0 VMThread "VM Thread" [stack: 0x000000024da00000,0x000000024db00000] [id=14348]
  0x000001618d341650 WatcherThread [stack: 0x000000024e500000,0x000000024e600000] [id=23308]
  0x000001618d32c570 GCTaskThread "GC Thread#0" [stack: 0x000000024d500000,0x000000024d600000] [id=13880]
  0x00000161f392b050 GCTaskThread "GC Thread#1" [stack: 0x000000024eb00000,0x000000024ec00000] [id=13932]
  0x00000161f377d510 GCTaskThread "GC Thread#2" [stack: 0x000000024ec00000,0x000000024ed00000] [id=7252]
  0x00000161f392b510 GCTaskThread "GC Thread#3" [stack: 0x000000024ed00000,0x000000024ee00000] [id=23760]
  0x00000161f392bbd0 GCTaskThread "GC Thread#4" [stack: 0x000000024ee00000,0x000000024ef00000] [id=12208]
  0x00000161f392c290 GCTaskThread "GC Thread#5" [stack: 0x000000024ef00000,0x000000024f000000] [id=11388]
  0x00000161f4156890 GCTaskThread "GC Thread#6" [stack: 0x000000024f100000,0x000000024f200000] [id=28976]
  0x00000161f3c5bd60 GCTaskThread "GC Thread#7" [stack: 0x000000024f200000,0x000000024f300000] [id=23464]
  0x000001618d338fb0 ConcurrentGCThread "G1 Main Marker" [stack: 0x000000024d600000,0x000000024d700000] [id=20716]
  0x000001618d33acd0 ConcurrentGCThread "G1 Conc#0" [stack: 0x000000024d700000,0x000000024d800000] [id=21540]
  0x00000161f5b11ec0 ConcurrentGCThread "G1 Conc#1" [stack: 0x000000024f300000,0x000000024f400000] [id=4176]
  0x000001618d38e850 ConcurrentGCThread "G1 Refine#0" [stack: 0x000000024d800000,0x000000024d900000] [id=5644]
  0x00000161ad723720 ConcurrentGCThread "G1 Service" [stack: 0x000000024d900000,0x000000024da00000] [id=11676]

Threads with active compile tasks:
C2 CompilerThread0   248210 22015   !   4       org.apache.coyote.http11.Http11Processor::service (1189 bytes)

VM state: not at safepoint (normal execution)

VM Mutex/Monitor currently owned by a thread: None

Heap address: 0x0000000744000000, size: 3008 MB, Compressed Oops mode: Zero based, Oop shift amount: 3

CDS archive(s) mapped at: [0x00000161ae000000-0x00000161aebd0000-0x00000161aebd0000), size 12386304, SharedBaseAddress: 0x00000161ae000000, ArchiveRelocationMode: 1.
Compressed class space mapped at: 0x00000161af000000-0x00000161ef000000, reserved size: 1073741824
Narrow klass base: 0x00000161ae000000, Narrow klass shift: 0, Narrow klass range: 0x100000000

GC Precious Log:
 CPUs: 8 total, 8 available
 Memory: 12026M
 Large Page Support: Disabled
 NUMA Support: Disabled
 Compressed Oops: Enabled (Zero based)
 Heap Region Size: 2M
 Heap Min Capacity: 8M
 Heap Initial Capacity: 188M
 Heap Max Capacity: 3008M
 Pre-touch: Disabled
 Parallel Workers: 8
 Concurrent Workers: 2
 Concurrent Refinement Workers: 8
 Periodic GC: Disabled

Heap:
 garbage-first heap   total 122880K, used 99723K [0x0000000744000000, 0x0000000800000000)
  region size 2048K, 26 young (53248K), 1 survivors (2048K)
 Metaspace       used 85688K, committed 86400K, reserved 1179648K
  class space    used 10458K, committed 10816K, reserved 1048576K

Heap Regions: E=young(eden), S=young(survivor), O=old, HS=humongous(starts), HC=humongous(continues), CS=collection set, F=free, OA=open archive, CA=closed archive, TAMS=top-at-mark-start (previous, next)
|   0|0x0000000744000000, 0x0000000744200000, 0x0000000744200000|100%| O|  |TAMS 0x0000000744200000, 0x0000000744000000| Untracked 
|   1|0x0000000744200000, 0x0000000744400000, 0x0000000744400000|100%| O|  |TAMS 0x0000000744400000, 0x0000000744200000| Untracked 
|   2|0x0000000744400000, 0x0000000744600000, 0x0000000744600000|100%| O|  |TAMS 0x0000000744600000, 0x0000000744400000| Untracked 
|   3|0x0000000744600000, 0x0000000744800000, 0x0000000744800000|100%| O|  |TAMS 0x0000000744800000, 0x0000000744600000| Untracked 
|   4|0x0000000744800000, 0x0000000744a00000, 0x0000000744a00000|100%| O|  |TAMS 0x0000000744a00000, 0x0000000744800000| Untracked 
|   5|0x0000000744a00000, 0x0000000744c00000, 0x0000000744c00000|100%| O|  |TAMS 0x0000000744c00000, 0x0000000744a00000| Untracked 
|   6|0x0000000744c00000, 0x0000000744e00000, 0x0000000744e00000|100%| O|  |TAMS 0x0000000744e00000, 0x0000000744c00000| Untracked 
|   7|0x0000000744e00000, 0x0000000745000000, 0x0000000745000000|100%| O|  |TAMS 0x0000000745000000, 0x0000000744e00000| Untracked 
|   8|0x0000000745000000, 0x0000000745200000, 0x0000000745200000|100%| O|  |TAMS 0x0000000745200000, 0x0000000745000000| Untracked 
|   9|0x0000000745200000, 0x0000000745400000, 0x0000000745400000|100%| O|  |TAMS 0x0000000745400000, 0x0000000745200000| Untracked 
|  10|0x0000000745400000, 0x0000000745600000, 0x0000000745600000|100%| O|  |TAMS 0x0000000745600000, 0x0000000745400000| Untracked 
|  11|0x0000000745600000, 0x0000000745800000, 0x0000000745800000|100%| O|  |TAMS 0x0000000745800000, 0x0000000745600000| Untracked 
|  12|0x0000000745800000, 0x0000000745a00000, 0x0000000745a00000|100%| O|  |TAMS 0x0000000745a00000, 0x0000000745800000| Untracked 
|  13|0x0000000745a00000, 0x0000000745c00000, 0x0000000745c00000|100%| O|  |TAMS 0x0000000745c00000, 0x0000000745a00000| Untracked 
|  14|0x0000000745c00000, 0x0000000745e00000, 0x0000000745e00000|100%| O|  |TAMS 0x0000000745e00000, 0x0000000745c00000| Untracked 
|  15|0x0000000745e00000, 0x0000000746000000, 0x0000000746000000|100%| O|  |TAMS 0x0000000746000000, 0x0000000745e00000| Untracked 
|  16|0x0000000746000000, 0x0000000746200000, 0x0000000746200000|100%| O|  |TAMS 0x0000000746200000, 0x0000000746000000| Untracked 
|  17|0x0000000746200000, 0x0000000746400000, 0x0000000746400000|100%| O|  |TAMS 0x0000000746400000, 0x0000000746200000| Untracked 
|  18|0x0000000746400000, 0x0000000746600000, 0x0000000746600000|100%| O|  |TAMS 0x0000000746600000, 0x0000000746400000| Untracked 
|  19|0x0000000746600000, 0x0000000746800000, 0x0000000746800000|100%| O|  |TAMS 0x0000000746800000, 0x0000000746600000| Untracked 
|  20|0x0000000746800000, 0x0000000746a00000, 0x0000000746a00000|100%| O|  |TAMS 0x0000000746a00000, 0x0000000746800000| Untracked 
|  21|0x0000000746a00000, 0x0000000746c00000, 0x0000000746c00000|100%| O|  |TAMS 0x0000000746c00000, 0x0000000746a00000| Untracked 
|  22|0x0000000746c00000, 0x0000000746e00000, 0x0000000746e00000|100%| O|  |TAMS 0x0000000746e00000, 0x0000000746c00000| Untracked 
|  23|0x0000000746e00000, 0x0000000747000000, 0x0000000747000000|100%| O|  |TAMS 0x0000000746fb0600, 0x0000000746e00000| Untracked 
|  24|0x0000000747000000, 0x0000000747200000, 0x0000000747200000|100%| O|  |TAMS 0x0000000747000000, 0x0000000747000000| Untracked 
|  25|0x0000000747200000, 0x00000007472f8200, 0x0000000747400000| 48%| O|  |TAMS 0x0000000747200000, 0x0000000747200000| Untracked 
|  26|0x0000000747400000, 0x0000000747400000, 0x0000000747600000|  0%| F|  |TAMS 0x0000000747400000, 0x0000000747400000| Untracked 
|  27|0x0000000747600000, 0x0000000747600000, 0x0000000747800000|  0%| F|  |TAMS 0x0000000747600000, 0x0000000747600000| Untracked 
|  28|0x0000000747800000, 0x0000000747800000, 0x0000000747a00000|  0%| F|  |TAMS 0x0000000747800000, 0x0000000747800000| Untracked 
|  29|0x0000000747a00000, 0x0000000747a00000, 0x0000000747c00000|  0%| F|  |TAMS 0x0000000747a00000, 0x0000000747a00000| Untracked 
|  30|0x0000000747c00000, 0x0000000747c00000, 0x0000000747e00000|  0%| F|  |TAMS 0x0000000747c00000, 0x0000000747c00000| Untracked 
|  31|0x0000000747e00000, 0x0000000747e00000, 0x0000000748000000|  0%| F|  |TAMS 0x0000000747e00000, 0x0000000747e00000| Untracked 
|  32|0x0000000748000000, 0x000000074806aa40, 0x0000000748200000| 20%| S|CS|TAMS 0x0000000748000000, 0x0000000748000000| Complete 
|  33|0x0000000748200000, 0x0000000748200000, 0x0000000748400000|  0%| F|  |TAMS 0x0000000748200000, 0x0000000748200000| Untracked 
|  34|0x0000000748400000, 0x0000000748400000, 0x0000000748600000|  0%| F|  |TAMS 0x0000000748400000, 0x0000000748400000| Untracked 
|  35|0x0000000748600000, 0x00000007486f0f90, 0x0000000748800000| 47%| E|  |TAMS 0x0000000748600000, 0x0000000748600000| Complete 
|  36|0x0000000748800000, 0x0000000748a00000, 0x0000000748a00000|100%| E|CS|TAMS 0x0000000748800000, 0x0000000748800000| Complete 
|  37|0x0000000748a00000, 0x0000000748c00000, 0x0000000748c00000|100%| E|CS|TAMS 0x0000000748a00000, 0x0000000748a00000| Complete 
|  38|0x0000000748c00000, 0x0000000748e00000, 0x0000000748e00000|100%| E|  |TAMS 0x0000000748c00000, 0x0000000748c00000| Complete 
|  39|0x0000000748e00000, 0x0000000749000000, 0x0000000749000000|100%| E|CS|TAMS 0x0000000748e00000, 0x0000000748e00000| Complete 
|  40|0x0000000749000000, 0x0000000749200000, 0x0000000749200000|100%| E|CS|TAMS 0x0000000749000000, 0x0000000749000000| Complete 
|  41|0x0000000749200000, 0x0000000749400000, 0x0000000749400000|100%| E|CS|TAMS 0x0000000749200000, 0x0000000749200000| Complete 
|  42|0x0000000749400000, 0x0000000749600000, 0x0000000749600000|100%| E|CS|TAMS 0x0000000749400000, 0x0000000749400000| Complete 
|  43|0x0000000749600000, 0x0000000749800000, 0x0000000749800000|100%| E|CS|TAMS 0x0000000749600000, 0x0000000749600000| Complete 
|  44|0x0000000749800000, 0x0000000749a00000, 0x0000000749a00000|100%| E|CS|TAMS 0x0000000749800000, 0x0000000749800000| Complete 
|  45|0x0000000749a00000, 0x0000000749c00000, 0x0000000749c00000|100%| E|CS|TAMS 0x0000000749a00000, 0x0000000749a00000| Complete 
|  46|0x0000000749c00000, 0x0000000749e00000, 0x0000000749e00000|100%| E|CS|TAMS 0x0000000749c00000, 0x0000000749c00000| Complete 
|  47|0x0000000749e00000, 0x000000074a000000, 0x000000074a000000|100%| E|CS|TAMS 0x0000000749e00000, 0x0000000749e00000| Complete 
|  48|0x000000074a000000, 0x000000074a200000, 0x000000074a200000|100%| E|CS|TAMS 0x000000074a000000, 0x000000074a000000| Complete 
|  49|0x000000074a200000, 0x000000074a400000, 0x000000074a400000|100%| E|CS|TAMS 0x000000074a200000, 0x000000074a200000| Complete 
|  50|0x000000074a400000, 0x000000074a600000, 0x000000074a600000|100%| E|CS|TAMS 0x000000074a400000, 0x000000074a400000| Complete 
|  51|0x000000074a600000, 0x000000074a800000, 0x000000074a800000|100%| E|CS|TAMS 0x000000074a600000, 0x000000074a600000| Complete 
|  52|0x000000074a800000, 0x000000074aa00000, 0x000000074aa00000|100%| E|CS|TAMS 0x000000074a800000, 0x000000074a800000| Complete 
|  53|0x000000074aa00000, 0x000000074ac00000, 0x000000074ac00000|100%| E|CS|TAMS 0x000000074aa00000, 0x000000074aa00000| Complete 
|  54|0x000000074ac00000, 0x000000074ae00000, 0x000000074ae00000|100%| E|CS|TAMS 0x000000074ac00000, 0x000000074ac00000| Complete 
|  89|0x000000074f200000, 0x000000074f400000, 0x000000074f400000|100%| E|CS|TAMS 0x000000074f200000, 0x000000074f200000| Complete 
|  90|0x000000074f400000, 0x000000074f600000, 0x000000074f600000|100%| E|CS|TAMS 0x000000074f400000, 0x000000074f400000| Complete 
|  91|0x000000074f600000, 0x000000074f800000, 0x000000074f800000|100%| E|CS|TAMS 0x000000074f600000, 0x000000074f600000| Complete 
|  92|0x000000074f800000, 0x000000074fa00000, 0x000000074fa00000|100%| E|CS|TAMS 0x000000074f800000, 0x000000074f800000| Complete 
|  93|0x000000074fa00000, 0x000000074fc00000, 0x000000074fc00000|100%| E|CS|TAMS 0x000000074fa00000, 0x000000074fa00000| Complete 

Card table byte_map: [0x00000161a4480000,0x00000161a4a60000] _byte_map_base: 0x00000161a0a60000

Marking Bits (Prev, Next): (CMBitMap*) 0x000001618d32ca80, (CMBitMap*) 0x000001618d32cac0
 Prev Bits: [0x00000161a5040000, 0x00000161a7f40000)
 Next Bits: [0x00000161a7f40000, 0x00000161aae40000)

Polling page: 0x000001618b240000

Metaspace:

Usage:
  Non-class:     73.47 MB used.
      Class:     10.21 MB used.
       Both:     83.68 MB used.

Virtual space:
  Non-class space:      128.00 MB reserved,      73.81 MB ( 58%) committed,  2 nodes.
      Class space:        1.00 GB reserved,      10.56 MB (  1%) committed,  1 nodes.
             Both:        1.12 GB reserved,      84.38 MB (  7%) committed. 

Chunk freelists:
   Non-Class:  6.22 MB
       Class:  5.30 MB
        Both:  11.52 MB

MaxMetaspaceSize: unlimited
CompressedClassSpaceSize: 1.00 GB
Initial GC threshold: 21.00 MB
Current GC threshold: 137.62 MB
CDS: on
MetaspaceReclaimPolicy: balanced
 - commit_granule_bytes: 65536.
 - commit_granule_words: 8192.
 - virtual_space_node_default_size: 8388608.
 - enlarge_chunks_in_place: 1.
 - new_chunks_are_fully_committed: 0.
 - uncommit_free_chunks: 1.
 - use_allocation_guard: 0.
 - handle_deallocations: 1.


Internal statistics:

num_allocs_failed_limit: 12.
num_arena_births: 1016.
num_arena_deaths: 4.
num_vsnodes_births: 3.
num_vsnodes_deaths: 0.
num_space_committed: 1350.
num_space_uncommitted: 0.
num_chunks_returned_to_freelist: 18.
num_chunks_taken_from_freelist: 4439.
num_chunk_merges: 12.
num_chunk_splits: 2883.
num_chunks_enlarged: 1966.
num_purges: 2.
num_inconsistent_stats: 0.

CodeHeap 'non-profiled nmethods': size=120000Kb used=19005Kb max_used=19005Kb free=100994Kb
 bounds [0x000001619c630000, 0x000001619d8c0000, 0x00000161a3b60000]
CodeHeap 'profiled nmethods': size=120000Kb used=27119Kb max_used=29497Kb free=92880Kb
 bounds [0x0000016194b60000, 0x0000016196840000, 0x000001619c090000]
CodeHeap 'non-nmethods': size=5760Kb used=2440Kb max_used=2526Kb free=3319Kb
 bounds [0x000001619c090000, 0x000001619c320000, 0x000001619c630000]
 total_blobs=16103 nmethods=15150 adapters=864
 compilation: enabled
              stopped_count=0, restarted_count=0
 full_count=0

Compilation events (20 events):
Event: 247.255 Thread 0x00000161ad889f00 nmethod 22005 0x000001619d8abc90 code [0x000001619d8abe80, 0x000001619d8acf18]
Event: 247.375 Thread 0x00000161ad889f00 22006       4       org.apache.catalina.connector.OutputBuffer::checkConverter (102 bytes)
Event: 247.402 Thread 0x00000161ad889f00 nmethod 22006 0x000001619d8ad690 code [0x000001619d8ad860, 0x000001619d8ae448]
Event: 247.452 Thread 0x00000161ad889f00 22007       4       java.nio.channels.spi.AbstractSelectableChannel::<init> (42 bytes)
Event: 247.465 Thread 0x00000161ad889f00 nmethod 22007 0x000001619d8aea90 code [0x000001619d8aec20, 0x000001619d8af198]
Event: 247.478 Thread 0x00000161ad889f00 22008   !   4       org.apache.tomcat.util.res.StringManager::getString (42 bytes)
Event: 247.483 Thread 0x00000161ad889f00 nmethod 22008 0x000001619d8af310 code [0x000001619d8af520, 0x000001619d8af950]
Event: 247.648 Thread 0x00000161ad889f00 22009   !   4       sun.nio.ch.ServerSocketChannelImpl::end (46 bytes)
Event: 247.651 Thread 0x00000161ad889f00 nmethod 22009 0x000001619d8afd90 code [0x000001619d8aff20, 0x000001619d8b03d8]
Event: 247.651 Thread 0x00000161ad889f00 22010   !   4       sun.nio.ch.ServerSocketChannelImpl::accept (200 bytes)
Event: 247.724 Thread 0x00000161ad889f00 nmethod 22010 0x000001619d8b0690 code [0x000001619d8b0960, 0x000001619d8b33f0]
Event: 247.725 Thread 0x00000161ad889f00 22011       4       org.apache.tomcat.util.net.NioEndpoint::setSocketOptions (9 bytes)
Event: 247.965 Thread 0x00000161ad889f00 nmethod 22011 0x000001619d8b4a10 code [0x000001619d8b4ec0, 0x000001619d8bb0b0]
Event: 247.966 Thread 0x00000161ad889f00 22013       4       java.text.MessageFormat::<init> (56 bytes)
Event: 247.972 Thread 0x00000161ad889f00 nmethod 22013 0x000001619d8bda10 code [0x000001619d8bdbc0, 0x000001619d8be2a8]
Event: 247.972 Thread 0x00000161ad889f00 22014       4       org.apache.juli.logging.DirectJDKLog::log (102 bytes)
Event: 247.977 Thread 0x00000161ad889f00 nmethod 22014 0x000001619d8be410 code [0x000001619d8be5e0, 0x000001619d8be9e8]
Event: 247.977 Thread 0x00000161ad889f00 22012       4       org.apache.juli.logging.DirectJDKLog::error (13 bytes)
Event: 247.982 Thread 0x00000161ad889f00 nmethod 22012 0x000001619d8bee10 code [0x000001619d8befe0, 0x000001619d8bf2c8]
Event: 247.998 Thread 0x00000161ad889f00 22015   !   4       org.apache.coyote.http11.Http11Processor::service (1189 bytes)

GC Heap History (20 events):
Event: 242.295 GC heap before
{Heap before GC invocations=164 (full 0):
 garbage-first heap   total 122880K, used 104176K [0x0000000744000000, 0x0000000800000000)
  region size 2048K, 27 young (55296K), 1 survivors (2048K)
 Metaspace       used 85688K, committed 86400K, reserved 1179648K
  class space    used 10458K, committed 10816K, reserved 1048576K
}
Event: 242.297 GC heap after
{Heap after GC invocations=165 (full 0):
 garbage-first heap   total 122880K, used 52991K [0x0000000744000000, 0x0000000800000000)
  region size 2048K, 1 young (2048K), 1 survivors (2048K)
 Metaspace       used 85688K, committed 86400K, reserved 1179648K
  class space    used 10458K, committed 10816K, reserved 1048576K
}
Event: 242.546 GC heap before
{Heap before GC invocations=165 (full 0):
 garbage-first heap   total 122880K, used 104191K [0x0000000744000000, 0x0000000800000000)
  region size 2048K, 27 young (55296K), 1 survivors (2048K)
 Metaspace       used 85688K, committed 86400K, reserved 1179648K
  class space    used 10458K, committed 10816K, reserved 1048576K
}
Event: 242.547 GC heap after
{Heap after GC invocations=166 (full 0):
 garbage-first heap   total 122880K, used 52743K [0x0000000744000000, 0x0000000800000000)
  region size 2048K, 1 young (2048K), 1 survivors (2048K)
 Metaspace       used 85688K, committed 86400K, reserved 1179648K
  class space    used 10458K, committed 10816K, reserved 1048576K
}
Event: 242.779 GC heap before
{Heap before GC invocations=166 (full 0):
 garbage-first heap   total 122880K, used 103943K [0x0000000744000000, 0x0000000800000000)
  region size 2048K, 27 young (55296K), 1 survivors (2048K)
 Metaspace       used 85688K, committed 86400K, reserved 1179648K
  class space    used 10458K, committed 10816K, reserved 1048576K
}
Event: 242.781 GC heap after
{Heap after GC invocations=167 (full 0):
 garbage-first heap   total 122880K, used 52755K [0x0000000744000000, 0x0000000800000000)
  region size 2048K, 1 young (2048K), 1 survivors (2048K)
 Metaspace       used 85688K, committed 86400K, reserved 1179648K
  class space    used 10458K, committed 10816K, reserved 1048576K
}
Event: 243.086 GC heap before
{Heap before GC invocations=167 (full 0):
 garbage-first heap   total 122880K, used 103955K [0x0000000744000000, 0x0000000800000000)
  region size 2048K, 27 young (55296K), 1 survivors (2048K)
 Metaspace       used 85688K, committed 86400K, reserved 1179648K
  class space    used 10458K, committed 10816K, reserved 1048576K
}
Event: 243.087 GC heap after
{Heap after GC invocations=168 (full 0):
 garbage-first heap   total 122880K, used 52701K [0x0000000744000000, 0x0000000800000000)
  region size 2048K, 1 young (2048K), 1 survivors (2048K)
 Metaspace       used 85688K, committed 86400K, reserved 1179648K
  class space    used 10458K, committed 10816K, reserved 1048576K
}
Event: 243.247 GC heap before
{Heap before GC invocations=168 (full 0):
 garbage-first heap   total 122880K, used 103901K [0x0000000744000000, 0x0000000800000000)
  region size 2048K, 27 young (55296K), 1 survivors (2048K)
 Metaspace       used 85688K, committed 86400K, reserved 1179648K
  class space    used 10458K, committed 10816K, reserved 1048576K
}
Event: 243.248 GC heap after
{Heap after GC invocations=169 (full 0):
 garbage-first heap   total 122880K, used 52620K [0x0000000744000000, 0x0000000800000000)
  region size 2048K, 1 young (2048K), 1 survivors (2048K)
 Metaspace       used 85688K, committed 86400K, reserved 1179648K
  class space    used 10458K, committed 10816K, reserved 1048576K
}
Event: 243.559 GC heap before
{Heap before GC invocations=169 (full 0):
 garbage-first heap   total 122880K, used 103820K [0x0000000744000000, 0x0000000800000000)
  region size 2048K, 27 young (55296K), 1 survivors (2048K)
 Metaspace       used 85688K, committed 86400K, reserved 1179648K
  class space    used 10458K, committed 10816K, reserved 1048576K
}
Event: 243.560 GC heap after
{Heap after GC invocations=170 (full 0):
 garbage-first heap   total 122880K, used 52905K [0x0000000744000000, 0x0000000800000000)
  region size 2048K, 1 young (2048K), 1 survivors (2048K)
 Metaspace       used 85688K, committed 86400K, reserved 1179648K
  class space    used 10458K, committed 10816K, reserved 1048576K
}
Event: 244.143 GC heap before
{Heap before GC invocations=170 (full 0):
 garbage-first heap   total 122880K, used 104105K [0x0000000744000000, 0x0000000800000000)
  region size 2048K, 27 young (55296K), 1 survivors (2048K)
 Metaspace       used 85688K, committed 86400K, reserved 1179648K
  class space    used 10458K, committed 10816K, reserved 1048576K
}
Event: 244.144 GC heap after
{Heap after GC invocations=171 (full 0):
 garbage-first heap   total 122880K, used 52614K [0x0000000744000000, 0x0000000800000000)
  region size 2048K, 1 young (2048K), 1 survivors (2048K)
 Metaspace       used 85688K, committed 86400K, reserved 1179648K
  class space    used 10458K, committed 10816K, reserved 1048576K
}
Event: 244.547 GC heap before
{Heap before GC invocations=171 (full 0):
 garbage-first heap   total 122880K, used 103814K [0x0000000744000000, 0x0000000800000000)
  region size 2048K, 27 young (55296K), 1 survivors (2048K)
 Metaspace       used 85688K, committed 86400K, reserved 1179648K
  class space    used 10458K, committed 10816K, reserved 1048576K
}
Event: 244.548 GC heap after
{Heap after GC invocations=172 (full 0):
 garbage-first heap   total 122880K, used 52563K [0x0000000744000000, 0x0000000800000000)
  region size 2048K, 1 young (2048K), 1 survivors (2048K)
 Metaspace       used 85688K, committed 86400K, reserved 1179648K
  class space    used 10458K, committed 10816K, reserved 1048576K
}
Event: 245.483 GC heap before
{Heap before GC invocations=172 (full 0):
 garbage-first heap   total 122880K, used 103763K [0x0000000744000000, 0x0000000800000000)
  region size 2048K, 27 young (55296K), 1 survivors (2048K)
 Metaspace       used 85688K, committed 86400K, reserved 1179648K
  class space    used 10458K, committed 10816K, reserved 1048576K
}
Event: 245.485 GC heap after
{Heap after GC invocations=173 (full 0):
 garbage-first heap   total 122880K, used 52641K [0x0000000744000000, 0x0000000800000000)
  region size 2048K, 1 young (2048K), 1 survivors (2048K)
 Metaspace       used 85688K, committed 86400K, reserved 1179648K
  class space    used 10458K, committed 10816K, reserved 1048576K
}
Event: 247.325 GC heap before
{Heap before GC invocations=173 (full 0):
 garbage-first heap   total 122880K, used 103841K [0x0000000744000000, 0x0000000800000000)
  region size 2048K, 27 young (55296K), 1 survivors (2048K)
 Metaspace       used 85688K, committed 86400K, reserved 1179648K
  class space    used 10458K, committed 10816K, reserved 1048576K
}
Event: 247.326 GC heap after
{Heap after GC invocations=174 (full 0):
 garbage-first heap   total 122880K, used 52619K [0x0000000744000000, 0x0000000800000000)
  region size 2048K, 1 young (2048K), 1 survivors (2048K)
 Metaspace       used 85688K, committed 86400K, reserved 1179648K
  class space    used 10458K, committed 10816K, reserved 1048576K
}

Deoptimization events (20 events):
Event: 238.421 Thread 0x00000161f7dbb480 Uncommon trap: trap_request=0xffffff45 fr.pc=0x000001619d845320 relative=0x0000000000000440
Event: 238.421 Thread 0x00000161f7dbb480 Uncommon trap: reason=unstable_if action=reinterpret pc=0x000001619d845320 method=org.springframework.web.servlet.mvc.method.annotation.AbstractMessageConverterMethodProcessor.isResourceType(Ljava/lang/Object;Lorg/springframework/core/MethodParameter;)Z @
Event: 238.421 Thread 0x00000161f7dbb480 DEOPT PACKING pc=0x000001619d845320 sp=0x000000024fffce20
Event: 238.421 Thread 0x00000161f7dbb480 DEOPT UNPACKING pc=0x000001619c0e5ba3 sp=0x000000024fffcdb0 mode 2
Event: 239.780 Thread 0x00000161f7dbcc90 DEOPT PACKING pc=0x00000161966e9e70 sp=0x00000002503fc730
Event: 239.780 Thread 0x00000161f7dbcc90 DEOPT UNPACKING pc=0x000001619c0e66e3 sp=0x00000002503fbdd0 mode 0
Event: 241.897 Thread 0x00000161f932df20 Uncommon trap: trap_request=0xffffff45 fr.pc=0x000001619d53e0d4 relative=0x0000000000001154
Event: 241.897 Thread 0x00000161f7dbb950 Uncommon trap: trap_request=0xffffff45 fr.pc=0x000001619d53e28c relative=0x000000000000130c
Event: 241.897 Thread 0x00000161f932df20 Uncommon trap: reason=unstable_if action=reinterpret pc=0x000001619d53e0d4 method=java.util.concurrent.ConcurrentLinkedDeque.unlinkLast(Ljava/util/concurrent/ConcurrentLinkedDeque$Node;Ljava/util/concurrent/ConcurrentLinkedDeque$Node;)V @ 77 c2
Event: 241.897 Thread 0x00000161f7dbb950 Uncommon trap: reason=unstable_if action=reinterpret pc=0x000001619d53e28c method=java.util.concurrent.ConcurrentLinkedDeque.unlink(Ljava/util/concurrent/ConcurrentLinkedDeque$Node;)V @ 264 c2
Event: 241.897 Thread 0x00000161f7dbb950 DEOPT PACKING pc=0x000001619d53e28c sp=0x00000002504fcb30
Event: 241.897 Thread 0x00000161f932df20 DEOPT PACKING pc=0x000001619d53e0d4 sp=0x0000000250efca90
Event: 241.897 Thread 0x00000161f7dbb950 DEOPT UNPACKING pc=0x000001619c0e5ba3 sp=0x00000002504fcae8 mode 2
Event: 241.897 Thread 0x00000161f932df20 DEOPT UNPACKING pc=0x000001619c0e5ba3 sp=0x0000000250efc9c0 mode 2
Event: 243.168 Thread 0x00000161f7dbb480 DEOPT PACKING pc=0x00000161966e9e70 sp=0x000000024fffd010
Event: 243.168 Thread 0x00000161f7dbb480 DEOPT UNPACKING pc=0x000001619c0e66e3 sp=0x000000024fffc6b0 mode 0
Event: 244.750 Thread 0x00000161f3be06b0 Uncommon trap: trap_request=0xffffff45 fr.pc=0x000001619d61cea0 relative=0x0000000000001080
Event: 244.750 Thread 0x00000161f3be06b0 Uncommon trap: reason=unstable_if action=reinterpret pc=0x000001619d61cea0 method=java.util.concurrent.ConcurrentHashMap$CollectionView.toArray([Ljava/lang/Object;)[Ljava/lang/Object; @ 95 c2
Event: 244.750 Thread 0x00000161f3be06b0 DEOPT PACKING pc=0x000001619d61cea0 sp=0x000000024f0fef60
Event: 244.750 Thread 0x00000161f3be06b0 DEOPT UNPACKING pc=0x000001619c0e5ba3 sp=0x000000024f0fef08 mode 2

Classes unloaded (2 events):
Event: 6.556 Thread 0x00000161ad8629c0 Unloading class 0x00000161af81cc00 'jdk/internal/reflect/GeneratedSerializationConstructorAccessor2'
Event: 6.556 Thread 0x00000161ad8629c0 Unloading class 0x00000161af7e8000 'jdk/internal/reflect/GeneratedSerializationConstructorAccessor1'

Classes redefined (0 events):
No events

Internal exceptions (20 events):
Event: 243.214 Thread 0x00000161f7dbe970 Exception <a 'java/net/SocketException'{0x0000000748b1b248}: Connection reset by peer: shutdown> (0x0000000748b1b248) 
thrown [s\open\src\hotspot\share\prims\jni.cpp, line 535]
Event: 243.214 Thread 0x00000161f932c710 Exception <a 'java/net/SocketException'{0x0000000748b6fb10}: Connection reset by peer: shutdown> (0x0000000748b6fb10) 
thrown [s\open\src\hotspot\share\prims\jni.cpp, line 535]
Event: 243.235 Thread 0x00000161f789bc50 Exception <a 'java/net/SocketException'{0x000000074870b3b0}: Connection reset by peer: shutdown> (0x000000074870b3b0) 
thrown [s\open\src\hotspot\share\prims\jni.cpp, line 535]
Event: 243.243 Thread 0x00000161f932df20 Exception <a 'java/net/SocketException'{0x00000007484c41c8}: Connection reset by peer: shutdown> (0x00000007484c41c8) 
thrown [s\open\src\hotspot\share\prims\jni.cpp, line 535]
Event: 243.265 Thread 0x00000161f932cbe0 Exception <a 'java/net/SocketException'{0x000000074f329c30}: Connection reset by peer: shutdown> (0x000000074f329c30) 
thrown [s\open\src\hotspot\share\prims\jni.cpp, line 535]
Event: 243.785 Thread 0x00000161f7dbcc90 Exception <a 'java/net/SocketException'{0x000000074a8cf8f8}: Connection reset by peer: shutdown> (0x000000074a8cf8f8) 
thrown [s\open\src\hotspot\share\prims\jni.cpp, line 535]
Event: 243.785 Thread 0x00000161f932da50 Exception <a 'java/net/SocketException'{0x000000074a922490}: Connection reset by peer: shutdown> (0x000000074a922490) 
thrown [s\open\src\hotspot\share\prims\jni.cpp, line 535]
Event: 243.972 Thread 0x00000161f932df20 Exception <a 'java/net/SocketException'{0x0000000749cd0070}: Connection reset by peer: shutdown> (0x0000000749cd0070) 
thrown [s\open\src\hotspot\share\prims\jni.cpp, line 535]
Event: 244.096 Thread 0x00000161f7dba610 Exception <a 'java/net/SocketException'{0x0000000748d3daf8}: Connection reset by peer: shutdown> (0x0000000748d3daf8) 
thrown [s\open\src\hotspot\share\prims\jni.cpp, line 535]
Event: 244.143 Thread 0x00000161f7dba140 Exception <a 'java/net/SocketException'{0x00000007485966c0}: Connection reset by peer: shutdown> (0x00000007485966c0) 
thrown [s\open\src\hotspot\share\prims\jni.cpp, line 535]
Event: 244.498 Thread 0x00000161f932cbe0 Exception <a 'java/net/SocketException'{0x0000000748d6eb10}: Connection reset by peer: shutdown> (0x0000000748d6eb10) 
thrown [s\open\src\hotspot\share\prims\jni.cpp, line 535]
Event: 244.564 Thread 0x00000161f932a090 Exception <a 'java/net/SocketException'{0x000000074faa38c0}: Connection reset by peer: shutdown> (0x000000074faa38c0) 
thrown [s\open\src\hotspot\share\prims\jni.cpp, line 535]
Event: 244.866 Thread 0x00000161f7dbcc90 Exception <a 'java/net/SocketException'{0x0000000749a1f460}: Connection reset by peer: shutdown> (0x0000000749a1f460) 
thrown [s\open\src\hotspot\share\prims\jni.cpp, line 535]
Event: 244.900 Thread 0x00000161f789bc50 Exception <a 'java/net/SocketException'{0x00000007494ae190}: Connection reset by peer: shutdown> (0x00000007494ae190) 
thrown [s\open\src\hotspot\share\prims\jni.cpp, line 535]
Event: 244.919 Thread 0x00000161f932df20 Exception <a 'java/net/SocketException'{0x000000074901c730}: Connection reset by peer: shutdown> (0x000000074901c730) 
thrown [s\open\src\hotspot\share\prims\jni.cpp, line 535]
Event: 246.286 Thread 0x00000161f7dbb480 Exception <a 'java/net/SocketException'{0x000000074a270b50}: Connection reset by peer: shutdown> (0x000000074a270b50) 
thrown [s\open\src\hotspot\share\prims\jni.cpp, line 535]
Event: 247.112 Thread 0x00000161f7dbd160 Exception <a 'java/net/SocketException'{0x00000007496a9938}: Connection reset by peer: shutdown> (0x00000007496a9938) 
thrown [s\open\src\hotspot\share\prims\jni.cpp, line 535]
Event: 247.613 Thread 0x00000161f7dbcc90 Exception <a 'java/net/SocketException'{0x000000074a326408}: Connection reset by peer: shutdown> (0x000000074a326408) 
thrown [s\open\src\hotspot\share\prims\jni.cpp, line 535]
Event: 247.695 Thread 0x00000161f7dbb480 Exception <a 'java/net/SocketException'{0x0000000749abfb38}: Connection reset by peer: shutdown> (0x0000000749abfb38) 
thrown [s\open\src\hotspot\share\prims\jni.cpp, line 535]
Event: 247.726 Thread 0x00000161f932c710 Exception <a 'java/net/SocketException'{0x000000074950a208}: Connection reset by peer: shutdown> (0x000000074950a208) 
thrown [s\open\src\hotspot\share\prims\jni.cpp, line 535]

VM Operations (20 events):
Event: 242.295 Executing VM operation: G1CollectForAllocation
Event: 242.297 Executing VM operation: G1CollectForAllocation done
Event: 242.545 Executing VM operation: G1CollectForAllocation
Event: 242.548 Executing VM operation: G1CollectForAllocation done
Event: 242.779 Executing VM operation: G1CollectForAllocation
Event: 242.781 Executing VM operation: G1CollectForAllocation done
Event: 243.086 Executing VM operation: G1CollectForAllocation
Event: 243.089 Executing VM operation: G1CollectForAllocation done
Event: 243.247 Executing VM operation: G1CollectForAllocation
Event: 243.248 Executing VM operation: G1CollectForAllocation done
Event: 243.559 Executing VM operation: G1CollectForAllocation
Event: 243.562 Executing VM operation: G1CollectForAllocation done
Event: 244.143 Executing VM operation: G1CollectForAllocation
Event: 244.144 Executing VM operation: G1CollectForAllocation done
Event: 244.547 Executing VM operation: G1CollectForAllocation
Event: 244.548 Executing VM operation: G1CollectForAllocation done
Event: 245.483 Executing VM operation: G1CollectForAllocation
Event: 245.485 Executing VM operation: G1CollectForAllocation done
Event: 247.325 Executing VM operation: G1CollectForAllocation
Event: 247.326 Executing VM operation: G1CollectForAllocation done

Events (20 events):
Event: 234.653 Thread 0x00000161ad89b970 flushing nmethod 0x00000161966f1610
Event: 234.653 Thread 0x00000161ad89b970 flushing nmethod 0x00000161966f2890
Event: 234.653 Thread 0x00000161ad89b970 flushing nmethod 0x00000161966f3190
Event: 234.653 Thread 0x00000161ad89b970 flushing nmethod 0x00000161966f8b10
Event: 234.653 Thread 0x00000161ad89b970 flushing nmethod 0x00000161966f9990
Event: 234.653 Thread 0x00000161ad89b970 flushing nmethod 0x00000161966fac10
Event: 234.653 Thread 0x00000161ad89b970 flushing nmethod 0x00000161966fe310
Event: 234.653 Thread 0x00000161ad89b970 flushing nmethod 0x000001619672e710
Event: 234.653 Thread 0x00000161ad89b970 flushing nmethod 0x0000016196732010
Event: 234.653 Thread 0x00000161ad89b970 flushing nmethod 0x0000016196747310
Event: 234.653 Thread 0x00000161ad89b970 flushing nmethod 0x000001619675c110
Event: 234.653 Thread 0x00000161ad89b970 flushing nmethod 0x0000016196770810
Event: 234.653 Thread 0x00000161ad89b970 flushing nmethod 0x0000016196788790
Event: 234.653 Thread 0x00000161ad89b970 flushing nmethod 0x00000161967e8410
Event: 234.653 Thread 0x00000161ad89b970 flushing nmethod 0x00000161967f9290
Event: 234.653 Thread 0x00000161ad89b970 flushing nmethod 0x00000161967f9b10
Event: 234.654 Thread 0x00000161ad89b970 flushing nmethod 0x000001619682a290
Event: 235.983 Thread 0x00000161f50f5800 Thread added: 0x00000161f50f5800
Event: 236.289 Thread 0x00000161f50f5800 Thread exited: 0x00000161f50f5800
Event: 240.044 Thread 0x00000161f9329bc0 Thread exited: 0x00000161f9329bc0


Dynamic libraries:
0x00007ff7b5420000 - 0x00007ff7b5430000 	C:\Program Files\Java\jdk-17\bin\javaw.exe
0x00007ffe92db0000 - 0x00007ffe92fc7000 	C:\WINDOWS\SYSTEM32\ntdll.dll
0x00007ffe92110000 - 0x00007ffe921d4000 	C:\WINDOWS\System32\KERNEL32.DLL
0x00007ffe90150000 - 0x00007ffe904f7000 	C:\WINDOWS\System32\KERNELBASE.dll
0x00007ffe906d0000 - 0x00007ffe907e1000 	C:\WINDOWS\System32\ucrtbase.dll
0x00007ffe75b30000 - 0x00007ffe75b4b000 	C:\Program Files\Java\jdk-17\bin\VCRUNTIME140.dll
0x00007ffe75530000 - 0x00007ffe75549000 	C:\Program Files\Java\jdk-17\bin\jli.dll
0x00007ffe92a90000 - 0x00007ffe92b42000 	C:\WINDOWS\System32\ADVAPI32.dll
0x00007ffe92cc0000 - 0x00007ffe92d67000 	C:\WINDOWS\System32\msvcrt.dll
0x00007ffe92bb0000 - 0x00007ffe92c58000 	C:\WINDOWS\System32\sechost.dll
0x00007ffe90940000 - 0x00007ffe90968000 	C:\WINDOWS\System32\bcrypt.dll
0x00007ffe90ae0000 - 0x00007ffe90bf5000 	C:\WINDOWS\System32\RPCRT4.dll
0x00007ffe92370000 - 0x00007ffe9251e000 	C:\WINDOWS\System32\USER32.dll
0x00007ffe90910000 - 0x00007ffe90936000 	C:\WINDOWS\System32\win32u.dll
0x00007ffe799a0000 - 0x00007ffe79c33000 	C:\WINDOWS\WinSxS\amd64_microsoft.windows.common-controls_6595b64144ccf1df_6.0.22621.3527_none_270e469b73872a76\COMCTL32.dll
0x00007ffe92a40000 - 0x00007ffe92a69000 	C:\WINDOWS\System32\GDI32.dll
0x00007ffe907f0000 - 0x00007ffe90909000 	C:\WINDOWS\System32\gdi32full.dll
0x00007ffe90500000 - 0x00007ffe9059a000 	C:\WINDOWS\System32\msvcp_win.dll
0x00007ffe81ef0000 - 0x00007ffe81efa000 	C:\WINDOWS\SYSTEM32\VERSION.dll
0x00007ffe92a00000 - 0x00007ffe92a31000 	C:\WINDOWS\System32\IMM32.DLL
0x00007ffe824d0000 - 0x00007ffe824dc000 	C:\Program Files\Java\jdk-17\bin\vcruntime140_1.dll
0x00007ffe3d710000 - 0x00007ffe3d79e000 	C:\Program Files\Java\jdk-17\bin\msvcp140.dll
0x00007ffe2c4c0000 - 0x00007ffe2d09e000 	C:\Program Files\Java\jdk-17\bin\server\jvm.dll
0x00007ffe92100000 - 0x00007ffe92108000 	C:\WINDOWS\System32\PSAPI.DLL
0x00007ffe8d7a0000 - 0x00007ffe8d7a9000 	C:\WINDOWS\SYSTEM32\WSOCK32.dll
0x00007ffe8d630000 - 0x00007ffe8d664000 	C:\WINDOWS\SYSTEM32\WINMM.dll
0x00007ffe91ce0000 - 0x00007ffe91d51000 	C:\WINDOWS\System32\WS2_32.dll
0x00007ffe8f0f0000 - 0x00007ffe8f108000 	C:\WINDOWS\SYSTEM32\kernel.appcore.dll
0x00007ffe813c0000 - 0x00007ffe813ca000 	C:\Program Files\Java\jdk-17\bin\jimage.dll
0x00007ffe8d970000 - 0x00007ffe8dba3000 	C:\WINDOWS\SYSTEM32\DBGHELP.DLL
0x00007ffe91d70000 - 0x00007ffe920f8000 	C:\WINDOWS\System32\combase.dll
0x00007ffe92290000 - 0x00007ffe92367000 	C:\WINDOWS\System32\OLEAUT32.dll
0x00007ffe8d5b0000 - 0x00007ffe8d5e2000 	C:\WINDOWS\SYSTEM32\dbgcore.DLL
0x00007ffe900d0000 - 0x00007ffe90149000 	C:\WINDOWS\System32\bcryptPrimitives.dll
0x00007ffe75500000 - 0x00007ffe75525000 	C:\Program Files\Java\jdk-17\bin\java.dll
0x00007ffe3c580000 - 0x00007ffe3c657000 	C:\Program Files\Java\jdk-17\bin\jsvml.dll
0x00007ffe90f70000 - 0x00007ffe917cc000 	C:\WINDOWS\System32\SHELL32.dll
0x00007ffe8e010000 - 0x00007ffe8e906000 	C:\WINDOWS\SYSTEM32\windows.storage.dll
0x00007ffe8ded0000 - 0x00007ffe8e00e000 	C:\WINDOWS\SYSTEM32\wintypes.dll
0x00007ffe90e70000 - 0x00007ffe90f65000 	C:\WINDOWS\System32\SHCORE.dll
0x00007ffe92520000 - 0x00007ffe9257e000 	C:\WINDOWS\System32\shlwapi.dll
0x00007ffe90000000 - 0x00007ffe90021000 	C:\WINDOWS\SYSTEM32\profapi.dll
0x00007ffe754e0000 - 0x00007ffe754f9000 	C:\Program Files\Java\jdk-17\bin\net.dll
0x00007ffe86bc0000 - 0x00007ffe86cf6000 	C:\WINDOWS\SYSTEM32\WINHTTP.dll
0x00007ffe8f560000 - 0x00007ffe8f5c9000 	C:\WINDOWS\system32\mswsock.dll
0x00007ffe753c0000 - 0x00007ffe753d6000 	C:\Program Files\Java\jdk-17\bin\nio.dll
0x00007ffe5d670000 - 0x00007ffe5d688000 	C:\Program Files\Java\jdk-17\bin\zip.dll
0x00007ffe7f900000 - 0x00007ffe7f910000 	C:\Program Files\Java\jdk-17\bin\verify.dll
0x00007ffe80980000 - 0x00007ffe8098a000 	C:\Program Files\Java\jdk-17\bin\management.dll
0x00007ffe80490000 - 0x00007ffe8049b000 	C:\Program Files\Java\jdk-17\bin\management_ext.dll
0x00007ffe59a10000 - 0x00007ffe59a27000 	C:\WINDOWS\system32\napinsp.dll
0x00007ffe599c0000 - 0x00007ffe599db000 	C:\WINDOWS\system32\pnrpnsp.dll
0x00007ffe8ec30000 - 0x00007ffe8ed29000 	C:\WINDOWS\SYSTEM32\DNSAPI.dll
0x00007ffe8ebb0000 - 0x00007ffe8ebdd000 	C:\WINDOWS\SYSTEM32\IPHLPAPI.DLL
0x00007ffe91d60000 - 0x00007ffe91d69000 	C:\WINDOWS\System32\NSI.dll
0x00007ffe599a0000 - 0x00007ffe599b1000 	C:\WINDOWS\System32\winrnr.dll
0x00007ffe597d0000 - 0x00007ffe597e5000 	C:\WINDOWS\system32\wshbth.dll
0x00007ffe597a0000 - 0x00007ffe597c1000 	C:\WINDOWS\system32\nlansp_c.dll
0x00007ffe82cd0000 - 0x00007ffe82cda000 	C:\Windows\System32\rasadhlp.dll
0x00007ffe82590000 - 0x00007ffe82613000 	C:\WINDOWS\System32\fwpuclnt.dll
0x00007ffe8f7d0000 - 0x00007ffe8f7eb000 	C:\WINDOWS\SYSTEM32\CRYPTSP.dll
0x00007ffe8f050000 - 0x00007ffe8f085000 	C:\WINDOWS\system32\rsaenh.dll
0x00007ffe8f660000 - 0x00007ffe8f688000 	C:\WINDOWS\SYSTEM32\USERENV.dll
0x00007ffe8f7c0000 - 0x00007ffe8f7cc000 	C:\WINDOWS\SYSTEM32\CRYPTBASE.dll
0x00007ffe82b80000 - 0x00007ffe82b99000 	C:\WINDOWS\SYSTEM32\dhcpcsvc6.DLL
0x00007ffe83000000 - 0x00007ffe8301f000 	C:\WINDOWS\SYSTEM32\dhcpcsvc.DLL
0x00007ffe7a3f0000 - 0x00007ffe7a3fe000 	C:\Program Files\Java\jdk-17\bin\sunmscapi.dll
0x00007ffe90970000 - 0x00007ffe90ad7000 	C:\WINDOWS\System32\CRYPT32.dll
0x00007ffe8f960000 - 0x00007ffe8f98e000 	C:\WINDOWS\SYSTEM32\ncrypt.dll
0x00007ffe8f920000 - 0x00007ffe8f957000 	C:\WINDOWS\SYSTEM32\NTASN1.dll
0x00007ffe37a10000 - 0x00007ffe37a18000 	C:\WINDOWS\system32\wshunix.dll

dbghelp: loaded successfully - version: 4.0.5 - missing functions: none
symbol engine: initialized successfully - sym options: 0x614 - pdb path: .;C:\Program Files\Java\jdk-17\bin;C:\WINDOWS\SYSTEM32;C:\WINDOWS\WinSxS\amd64_microsoft.windows.common-controls_6595b64144ccf1df_6.0.22621.3527_none_270e469b73872a76;C:\Program Files\Java\jdk-17\bin\server

VM Arguments:
jvm_args: -Dfile.encoding=UTF-8 -XX:+ShowCodeDetailsInExceptionMessages 
java_command: AUSHOP.AushopApplication
java_class_path (initial): C:\Users\DELL\Downloads\AUSHOP\AUSHOP\target\classes;C:\Users\DELL\.m2\repository\org\springframework\boot\spring-boot-starter-data-jpa\2.5.0\spring-boot-starter-data-jpa-2.5.0.jar;C:\Users\DELL\.m2\repository\org\springframework\boot\spring-boot-starter-aop\2.5.0\spring-boot-starter-aop-2.5.0.jar;C:\Users\DELL\.m2\repository\org\aspectj\aspectjweaver\1.9.6\aspectjweaver-1.9.6.jar;C:\Users\DELL\.m2\repository\org\springframework\boot\spring-boot-starter-jdbc\2.5.0\spring-boot-starter-jdbc-2.5.0.jar;C:\Users\DELL\.m2\repository\com\zaxxer\HikariCP\4.0.3\HikariCP-4.0.3.jar;C:\Users\DELL\.m2\repository\org\springframework\spring-jdbc\5.3.7\spring-jdbc-5.3.7.jar;C:\Users\DELL\.m2\repository\jakarta\transaction\jakarta.transaction-api\1.3.3\jakarta.transaction-api-1.3.3.jar;C:\Users\DELL\.m2\repository\jakarta\persistence\jakarta.persistence-api\2.2.3\jakarta.persistence-api-2.2.3.jar;C:\Users\DELL\.m2\repository\org\hibernate\hibernate-core\5.4.31.Final\hibernate-core-5.4.31.Final.jar;C:\Users\DELL\.m2\repository\org\jboss\logging\jboss-logging\3.4.1.Final\jboss-logging-3.4.1.Final.jar;C:\Users\DELL\.m2\repository\org\javassist\javassist\3.27.0-GA\javassist-3.27.0-GA.jar;C:\Users\DELL\.m2\repository\net\bytebuddy\byte-buddy\1.10.22\byte-buddy-1.10.22.jar;C:\Users\DELL\.m2\repository\antlr\antlr\2.7.7\antlr-2.7.7.jar;C:\Users\DELL\.m2\repository\org\jboss\jandex\2.2.3.Final\jandex-2.2.3.Final.jar;C:\Users\DELL\.m2\repository\com\fasterxml\classmate\1.5.1\classmate-1.5.1.jar;C:\Users\DELL\.m2\repository\org\dom4j\dom4j\2.1.3\dom4j-2.1.3.jar;C:\Users\DELL\.m2\repository\org\hibernate\common\hibernate-commons-annotations\5.1.2.Final\hibernate-commons-annotations-5.1.2.Final.jar;C:\Users\DELL\.m2\repository\org\glassfish\jaxb\jaxb-runtime\2.3.4\jaxb-runtime-2.3.4.jar;C:\Users\DELL\.m2\repository\org\glassfish\jaxb\txw2\2.3.4\txw2-2.3.4.jar;C:\Users\DELL\.m2\repository\com\sun\istack\istack-commons-runtime\3.0.12\istack-commons-runtime-3.0.12.jar;
Launcher Type: SUN_STANDARD

[Global flags]
     intx CICompilerCount                          = 4                                         {product} {ergonomic}
     uint ConcGCThreads                            = 2                                         {product} {ergonomic}
     uint G1ConcRefinementThreads                  = 8                                         {product} {ergonomic}
   size_t G1HeapRegionSize                         = 2097152                                   {product} {ergonomic}
    uintx GCDrainStackTargetSize                   = 64                                        {product} {ergonomic}
   size_t InitialHeapSize                          = 197132288                                 {product} {ergonomic}
   size_t MarkStackSize                            = 4194304                                   {product} {ergonomic}
   size_t MaxHeapSize                              = 3154116608                                {product} {ergonomic}
   size_t MaxNewSize                               = 1891631104                                {product} {ergonomic}
   size_t MinHeapDeltaBytes                        = 2097152                                   {product} {ergonomic}
   size_t MinHeapSize                              = 8388608                                   {product} {ergonomic}
    uintx NonNMethodCodeHeapSize                   = 5839372                                {pd product} {ergonomic}
    uintx NonProfiledCodeHeapSize                  = 122909434                              {pd product} {ergonomic}
    uintx ProfiledCodeHeapSize                     = 122909434                              {pd product} {ergonomic}
    uintx ReservedCodeCacheSize                    = 251658240                              {pd product} {ergonomic}
     bool SegmentedCodeCache                       = true                                      {product} {ergonomic}
     bool ShowCodeDetailsInExceptionMessages       = true                                   {manageable} {command line}
   size_t SoftMaxHeapSize                          = 3154116608                             {manageable} {ergonomic}
     bool UseCompressedClassPointers               = true                           {product lp64_product} {ergonomic}
     bool UseCompressedOops                        = true                           {product lp64_product} {ergonomic}
     bool UseG1GC                                  = true                                      {product} {ergonomic}
     bool UseLargePagesIndividualAllocation        = false                                  {pd product} {ergonomic}

Logging:
Log output configuration:
 #0: stdout all=warning uptime,level,tags
 #1: stderr all=off uptime,level,tags

Environment Variables:
JAVA_HOME=C:\Program Files\Java\jdk-17
PATH=D:/LAPTRINHWEB/eclipse//plugins/org.eclipse.justj.openjdk.hotspot.jre.full.win32.x86_64_17.0.7.v20230425-1502/jre/bin/server;D:/LAPTRINHWEB/eclipse//plugins/org.eclipse.justj.openjdk.hotspot.jre.full.win32.x86_64_17.0.7.v20230425-1502/jre/bin;C:\Program Files\Common Files\Oracle\Java\javapath;C:\Program Files (x86)\Common Files\Oracle\Java\javapath;C:\Windows\system32;C:\Windows;C:\Windows\System32\Wbem;C:\Windows\System32\WindowsPowerShell\v1.0\;C:\Windows\System32\OpenSSH\;C:\Program Files (x86);C:\Program Files\Microsoft SQL Server\150\Tools\Binn\;C:\Program Files\dotnet\;C:\Program Files (x86)\Microsoft SQL Server\160\Tools\Binn\;C:\Program Files\Microsoft SQL Server\160\Tools\Binn\;C:\Program Files\Microsoft SQL Server\Client SDK\ODBC\170\Tools\Binn\;C:\Program Files\Microsoft SQL Server\160\DTS\Binn\;C:\WINDOWS\system32;C:\WINDOWS;C:\WINDOWS\System32\Wbem;C:\WINDOWS\System32\WindowsPowerShell\v1.0\;C:\WINDOWS\System32\OpenSSH\;C:\Program Files\Java\jdk-17\bin;D:\LAPTRINHWEB\apache-maven-3.9.4\bin;C:\Program Files (x86)\Microsoft SQL Server\160\DTS\Binn\;C:\Program Files\Git\cmd;D:\;C:\Program Files\PowerShell\7\;C:\Users\DELL\AppData\Local\Programs\Python\Python311-32\Scripts\;C:\Users\DELL\AppData\Local\Programs\Python\Python311-32\;C:\Users\DELL\AppData\Local\Programs\Python\Python311\Scripts\;C:\Users\DELL\AppData\Local\Programs\Python\Python311\;C:\Users\DELL\AppData\Local\Microsoft\WindowsApps;C:\Program Files (x86);D:\Microsoft VS Code\bin;D:\Dev-Cpp\MinGW64\bin;C:\Program Files\Azure Data Studio\bin;D:\PyCharm Community Edition 2022.3.3\bin;;C:\Program Files;C:\Program Files\Azure Data Studio\bin;C:\Users\DELL\AppData\Local\GitHubDesktop\bin;D:\IntelliJ IDEA 2024.1\bin;;D:\gradle-8.5\bin;C:\Users\DELL\AppData\Local\Google\Cloud SDK\google-cloud-sdk\bin;C:\Users\DELL\.dotnet\tools;C:\Users\DELL\AppData\Local\Android\Sdk\platform-tools;C:\Users\DELL\AppData\Roaming\npm;D:\LAPTRINHWEB\eclipse;
USERNAME=DELL
OS=Windows_NT
PROCESSOR_IDENTIFIER=Intel64 Family 6 Model 140 Stepping 2, GenuineIntel



---------------  S Y S T E M  ---------------

OS:
 Windows 11 , 64 bit Build 22621 (10.0.22621.3527)
OS uptime: 0 days 15:43 hours

CPU: total 8 (initial active 8) (4 cores per cpu, 2 threads per core) family 6 model 140 stepping 2 microcode 0x34, cx8, cmov, fxsr, ht, mmx, 3dnowpref, sse, sse2, sse3, ssse3, sse4.1, sse4.2, popcnt, lzcnt, tsc, tscinvbit, avx, avx2, aes, erms, clmul, bmi1, bmi2, adx, avx512f, avx512dq, avx512cd, avx512bw, avx512vl, sha, fma, vzeroupper, avx512_vpopcntdq, avx512_vpclmulqdq, avx512_vaes, avx512_vnni, clflush, clflushopt, clwb, avx512_vbmi2, avx512_vbmi

Memory: 4k page, system-wide physical 12026M (359M free)
TotalPageFile size 18306M (AvailPageFile size 7M)
current process WorkingSet (physical memory assigned to process): 401M, peak: 415M
current process commit charge ("private bytes"): 445M, peak: 451M

vm_info: Java HotSpot(TM) 64-Bit Server VM (17.0.8+9-LTS-211) for windows-amd64 JRE (17.0.8+9-LTS-211), built on Jun 14 2023 10:34:31 by "mach5one" with MS VC++ 17.1 (VS2022)

END.
